build/app/intermediates/manifest_merge_blame_file/debug/manifest-merger-blame-debug-report.txt
1<?xml version="1.0" encoding="utf-8"?>
2<manifest xmlns:android="http://schemas.android.com/apk/res/android"
3    package="com.hanholding.is_takip_sistemi"
4    android:versionCode="1"
5    android:versionName="1.0.0" >
6
7    <uses-sdk
8        android:minSdkVersion="21"
9        android:targetSdkVersion="34" />
10    <!--
11         The INTERNET permission is required for development. Specifically,
12         the Flutter tool needs it to communicate with the running application
13         to allow setting breakpoints, to provide hot reload, etc.
14    -->
15    <uses-permission android:name="android.permission.INTERNET" />
15-->src\main\AndroidManifest.xml:2:5-66
15-->src\main\AndroidManifest.xml:2:22-64
16    <uses-permission android:name="android.permission.VIBRATE" />
16-->src\main\AndroidManifest.xml:3:5-66
16-->src\main\AndroidManifest.xml:3:22-63
17    <uses-permission android:name="android.permission.RECEIVE_BOOT_COMPLETED" />
17-->src\main\AndroidManifest.xml:4:5-80
17-->src\main\AndroidManifest.xml:4:22-78
18    <uses-permission android:name="android.permission.POST_NOTIFICATIONS" />
18-->src\main\AndroidManifest.xml:5:5-76
18-->src\main\AndroidManifest.xml:5:22-74
19    <uses-permission android:name="android.permission.WAKE_LOCK" />
19-->src\main\AndroidManifest.xml:6:5-67
19-->src\main\AndroidManifest.xml:6:22-65
20
21    <queries>
21-->src\main\AndroidManifest.xml:42:5-47:15
22        <intent>
22-->src\main\AndroidManifest.xml:43:9-46:18
23            <action android:name="android.intent.action.PROCESS_TEXT" />
23-->src\main\AndroidManifest.xml:44:13-72
23-->src\main\AndroidManifest.xml:44:21-70
24
25            <data android:mimeType="text/plain" />
25-->src\main\AndroidManifest.xml:45:13-50
25-->src\main\AndroidManifest.xml:45:19-48
26        </intent>
27        <intent>
27-->[:file_picker] AndroidManifest.xml:12:9-16:18
28            <action android:name="android.intent.action.GET_CONTENT" />
28-->[:file_picker] AndroidManifest.xml:13:13-72
28-->[:file_picker] AndroidManifest.xml:13:21-69
29
30            <data android:mimeType="*/*" />
30-->src\main\AndroidManifest.xml:45:13-50
30-->src\main\AndroidManifest.xml:45:19-48
31        </intent>
32    </queries>
33
34    <uses-permission android:name="android.permission.ACCESS_NETWORK_STATE" />
34-->[:firebase_messaging] AndroidManifest.xml:9:5-79
34-->[:firebase_messaging] AndroidManifest.xml:9:22-76
35    <uses-permission
35-->[:file_picker] AndroidManifest.xml:7:5-9:38
36        android:name="android.permission.READ_EXTERNAL_STORAGE"
36-->[:file_picker] AndroidManifest.xml:8:9-64
37        android:maxSdkVersion="32" />
37-->[:file_picker] AndroidManifest.xml:9:9-35
38    <uses-permission android:name="android.permission.RECORD_AUDIO" /> <!-- Required by older versions of Google Play services to create IID tokens -->
38-->[:record_android] AndroidManifest.xml:7:5-71
38-->[:record_android] AndroidManifest.xml:7:22-68
39    <uses-permission android:name="com.google.android.c2dm.permission.RECEIVE" />
39-->[com.google.firebase:firebase-messaging:23.4.1] AndroidManifest.xml:26:5-82
39-->[com.google.firebase:firebase-messaging:23.4.1] AndroidManifest.xml:26:22-79
40    <uses-permission android:name="com.google.android.gms.permission.AD_ID" />
40-->[com.google.android.gms:play-services-measurement-api:21.5.1] AndroidManifest.xml:25:5-79
40-->[com.google.android.gms:play-services-measurement-api:21.5.1] AndroidManifest.xml:25:22-76
41    <uses-permission android:name="android.permission.ACCESS_ADSERVICES_ATTRIBUTION" />
41-->[com.google.android.gms:play-services-measurement-api:21.5.1] AndroidManifest.xml:26:5-88
41-->[com.google.android.gms:play-services-measurement-api:21.5.1] AndroidManifest.xml:26:22-85
42    <uses-permission android:name="android.permission.ACCESS_ADSERVICES_AD_ID" />
42-->[com.google.android.gms:play-services-measurement-api:21.5.1] AndroidManifest.xml:27:5-82
42-->[com.google.android.gms:play-services-measurement-api:21.5.1] AndroidManifest.xml:27:22-79
43    <uses-permission android:name="com.google.android.finsky.permission.BIND_GET_INSTALL_REFERRER_SERVICE" />
43-->[com.google.android.gms:play-services-measurement:21.5.1] AndroidManifest.xml:26:5-110
43-->[com.google.android.gms:play-services-measurement:21.5.1] AndroidManifest.xml:26:22-107
44    <uses-permission android:name="com.google.android.providers.gsf.permission.READ_GSERVICES" />
44-->[com.google.android.recaptcha:recaptcha:18.4.0] AndroidManifest.xml:9:5-98
44-->[com.google.android.recaptcha:recaptcha:18.4.0] AndroidManifest.xml:9:22-95
45
46    <permission
46-->[androidx.core:core:1.10.1] AndroidManifest.xml:22:5-24:47
47        android:name="com.hanholding.is_takip_sistemi.DYNAMIC_RECEIVER_NOT_EXPORTED_PERMISSION"
47-->[androidx.core:core:1.10.1] AndroidManifest.xml:23:9-81
48        android:protectionLevel="signature" />
48-->[androidx.core:core:1.10.1] AndroidManifest.xml:24:9-44
49
50    <uses-permission android:name="com.hanholding.is_takip_sistemi.DYNAMIC_RECEIVER_NOT_EXPORTED_PERMISSION" />
50-->[androidx.core:core:1.10.1] AndroidManifest.xml:26:5-97
50-->[androidx.core:core:1.10.1] AndroidManifest.xml:26:22-94
51
52    <application
53        android:name="android.app.Application"
54        android:appComponentFactory="androidx.core.app.CoreComponentFactory"
54-->[androidx.core:core:1.10.1] AndroidManifest.xml:28:18-86
55        android:debuggable="true"
56        android:extractNativeLibs="true"
57        android:icon="@mipmap/ic_launcher"
58        android:label="İş Takip Sistemi" >
59        <activity
60            android:name="com.hanholding.is_takip_sistemi.MainActivity"
61            android:configChanges="orientation|keyboardHidden|keyboard|screenSize|smallestScreenSize|locale|layoutDirection|fontScale|screenLayout|density|uiMode"
62            android:exported="true"
63            android:hardwareAccelerated="true"
64            android:launchMode="singleTop"
65            android:theme="@style/LaunchTheme"
66            android:windowSoftInputMode="adjustResize" >
67            <meta-data
68                android:name="io.flutter.embedding.android.NormalTheme"
69                android:resource="@style/NormalTheme" />
70
71            <intent-filter>
72                <action android:name="android.intent.action.MAIN" />
73
74                <category android:name="android.intent.category.LAUNCHER" />
75            </intent-filter>
76            <intent-filter>
77                <action android:name="FLUTTER_NOTIFICATION_CLICK" />
78
79                <category android:name="android.intent.category.DEFAULT" />
79-->[com.google.firebase:firebase-auth:22.3.1] AndroidManifest.xml:38:17-76
79-->[com.google.firebase:firebase-auth:22.3.1] AndroidManifest.xml:38:27-73
80            </intent-filter>
81        </activity>
82
83        <meta-data
84            android:name="flutterEmbedding"
85            android:value="2" />
86        <meta-data
87            android:name="com.google.firebase.messaging.default_notification_channel_id"
88            android:value="high_importance_channel" />
89
90        <service
90-->[:cloud_firestore] AndroidManifest.xml:8:9-12:19
91            android:name="com.google.firebase.components.ComponentDiscoveryService"
91-->[:cloud_firestore] AndroidManifest.xml:8:18-89
92            android:directBootAware="true"
92-->[com.google.firebase:firebase-common:20.4.2] AndroidManifest.xml:32:13-43
93            android:exported="false" >
93-->[com.google.firebase:firebase-messaging:23.4.1] AndroidManifest.xml:56:13-37
94            <meta-data
94-->[:cloud_firestore] AndroidManifest.xml:9:13-11:85
95                android:name="com.google.firebase.components:io.flutter.plugins.firebase.firestore.FlutterFirebaseFirestoreRegistrar"
95-->[:cloud_firestore] AndroidManifest.xml:10:17-134
96                android:value="com.google.firebase.components.ComponentRegistrar" />
96-->[:cloud_firestore] AndroidManifest.xml:11:17-82
97            <meta-data
97-->[:firebase_auth] AndroidManifest.xml:9:13-11:85
98                android:name="com.google.firebase.components:io.flutter.plugins.firebase.auth.FlutterFirebaseAuthRegistrar"
98-->[:firebase_auth] AndroidManifest.xml:10:17-124
99                android:value="com.google.firebase.components.ComponentRegistrar" />
99-->[:firebase_auth] AndroidManifest.xml:11:17-82
100            <meta-data
100-->[:firebase_storage] AndroidManifest.xml:9:13-11:85
101                android:name="com.google.firebase.components:io.flutter.plugins.firebase.storage.FlutterFirebaseAppRegistrar"
101-->[:firebase_storage] AndroidManifest.xml:10:17-126
102                android:value="com.google.firebase.components.ComponentRegistrar" />
102-->[:firebase_storage] AndroidManifest.xml:11:17-82
103            <meta-data
103-->[:firebase_messaging] AndroidManifest.xml:36:13-38:85
104                android:name="com.google.firebase.components:io.flutter.plugins.firebase.messaging.FlutterFirebaseAppRegistrar"
104-->[:firebase_messaging] AndroidManifest.xml:37:17-128
105                android:value="com.google.firebase.components.ComponentRegistrar" />
105-->[:firebase_messaging] AndroidManifest.xml:38:17-82
106            <meta-data
106-->[:firebase_core] AndroidManifest.xml:9:13-11:85
107                android:name="com.google.firebase.components:io.flutter.plugins.firebase.core.FlutterFirebaseCoreRegistrar"
107-->[:firebase_core] AndroidManifest.xml:10:17-124
108                android:value="com.google.firebase.components.ComponentRegistrar" />
108-->[:firebase_core] AndroidManifest.xml:11:17-82
109            <meta-data
109-->[com.google.firebase:firebase-messaging:23.4.1] AndroidManifest.xml:57:13-59:85
110                android:name="com.google.firebase.components:com.google.firebase.messaging.FirebaseMessagingKtxRegistrar"
110-->[com.google.firebase:firebase-messaging:23.4.1] AndroidManifest.xml:58:17-122
111                android:value="com.google.firebase.components.ComponentRegistrar" />
111-->[com.google.firebase:firebase-messaging:23.4.1] AndroidManifest.xml:59:17-82
112            <meta-data
112-->[com.google.firebase:firebase-messaging:23.4.1] AndroidManifest.xml:60:13-62:85
113                android:name="com.google.firebase.components:com.google.firebase.messaging.FirebaseMessagingRegistrar"
113-->[com.google.firebase:firebase-messaging:23.4.1] AndroidManifest.xml:61:17-119
114                android:value="com.google.firebase.components.ComponentRegistrar" />
114-->[com.google.firebase:firebase-messaging:23.4.1] AndroidManifest.xml:62:17-82
115            <meta-data
115-->[com.google.firebase:firebase-firestore:24.10.3] AndroidManifest.xml:17:13-19:85
116                android:name="com.google.firebase.components:com.google.firebase.firestore.FirebaseFirestoreKtxRegistrar"
116-->[com.google.firebase:firebase-firestore:24.10.3] AndroidManifest.xml:18:17-122
117                android:value="com.google.firebase.components.ComponentRegistrar" />
117-->[com.google.firebase:firebase-firestore:24.10.3] AndroidManifest.xml:19:17-82
118            <meta-data
118-->[com.google.firebase:firebase-firestore:24.10.3] AndroidManifest.xml:20:13-22:85
119                android:name="com.google.firebase.components:com.google.firebase.firestore.FirestoreRegistrar"
119-->[com.google.firebase:firebase-firestore:24.10.3] AndroidManifest.xml:21:17-111
120                android:value="com.google.firebase.components.ComponentRegistrar" />
120-->[com.google.firebase:firebase-firestore:24.10.3] AndroidManifest.xml:22:17-82
121            <meta-data
121-->[com.google.firebase:firebase-auth:22.3.1] AndroidManifest.xml:69:13-71:85
122                android:name="com.google.firebase.components:com.google.firebase.auth.FirebaseAuthRegistrar"
122-->[com.google.firebase:firebase-auth:22.3.1] AndroidManifest.xml:70:17-109
123                android:value="com.google.firebase.components.ComponentRegistrar" />
123-->[com.google.firebase:firebase-auth:22.3.1] AndroidManifest.xml:71:17-82
124            <meta-data
124-->[com.google.firebase:firebase-storage:20.3.0] AndroidManifest.xml:30:13-32:85
125                android:name="com.google.firebase.components:com.google.firebase.storage.FirebaseStorageKtxRegistrar"
125-->[com.google.firebase:firebase-storage:20.3.0] AndroidManifest.xml:31:17-118
126                android:value="com.google.firebase.components.ComponentRegistrar" />
126-->[com.google.firebase:firebase-storage:20.3.0] AndroidManifest.xml:32:17-82
127            <meta-data
127-->[com.google.firebase:firebase-storage:20.3.0] AndroidManifest.xml:33:13-35:85
128                android:name="com.google.firebase.components:com.google.firebase.storage.StorageRegistrar"
128-->[com.google.firebase:firebase-storage:20.3.0] AndroidManifest.xml:34:17-107
129                android:value="com.google.firebase.components.ComponentRegistrar" />
129-->[com.google.firebase:firebase-storage:20.3.0] AndroidManifest.xml:35:17-82
130            <meta-data
130-->[com.google.firebase:firebase-iid:21.1.0] AndroidManifest.xml:32:13-34:85
131                android:name="com.google.firebase.components:com.google.firebase.iid.Registrar"
131-->[com.google.firebase:firebase-iid:21.1.0] AndroidManifest.xml:33:17-96
132                android:value="com.google.firebase.components.ComponentRegistrar" />
132-->[com.google.firebase:firebase-iid:21.1.0] AndroidManifest.xml:34:17-82
133            <meta-data
133-->[com.google.android.gms:play-services-measurement-api:21.5.1] AndroidManifest.xml:37:13-39:85
134                android:name="com.google.firebase.components:com.google.firebase.analytics.connector.internal.AnalyticsConnectorRegistrar"
134-->[com.google.android.gms:play-services-measurement-api:21.5.1] AndroidManifest.xml:38:17-139
135                android:value="com.google.firebase.components.ComponentRegistrar" />
135-->[com.google.android.gms:play-services-measurement-api:21.5.1] AndroidManifest.xml:39:17-82
136            <meta-data
136-->[com.google.firebase:firebase-installations:17.2.0] AndroidManifest.xml:15:13-17:85
137                android:name="com.google.firebase.components:com.google.firebase.installations.FirebaseInstallationsKtxRegistrar"
137-->[com.google.firebase:firebase-installations:17.2.0] AndroidManifest.xml:16:17-130
138                android:value="com.google.firebase.components.ComponentRegistrar" />
138-->[com.google.firebase:firebase-installations:17.2.0] AndroidManifest.xml:17:17-82
139            <meta-data
139-->[com.google.firebase:firebase-installations:17.2.0] AndroidManifest.xml:18:13-20:85
140                android:name="com.google.firebase.components:com.google.firebase.installations.FirebaseInstallationsRegistrar"
140-->[com.google.firebase:firebase-installations:17.2.0] AndroidManifest.xml:19:17-127
141                android:value="com.google.firebase.components.ComponentRegistrar" />
141-->[com.google.firebase:firebase-installations:17.2.0] AndroidManifest.xml:20:17-82
142            <meta-data
142-->[com.google.firebase:firebase-appcheck:17.1.2] AndroidManifest.xml:25:13-27:85
143                android:name="com.google.firebase.components:com.google.firebase.appcheck.FirebaseAppCheckKtxRegistrar"
143-->[com.google.firebase:firebase-appcheck:17.1.2] AndroidManifest.xml:26:17-120
144                android:value="com.google.firebase.components.ComponentRegistrar" />
144-->[com.google.firebase:firebase-appcheck:17.1.2] AndroidManifest.xml:27:17-82
145            <meta-data
145-->[com.google.firebase:firebase-appcheck:17.1.2] AndroidManifest.xml:28:13-30:85
146                android:name="com.google.firebase.components:com.google.firebase.appcheck.FirebaseAppCheckRegistrar"
146-->[com.google.firebase:firebase-appcheck:17.1.2] AndroidManifest.xml:29:17-117
147                android:value="com.google.firebase.components.ComponentRegistrar" />
147-->[com.google.firebase:firebase-appcheck:17.1.2] AndroidManifest.xml:30:17-82
148            <meta-data
148-->[com.google.firebase:firebase-common-ktx:20.4.2] AndroidManifest.xml:12:13-14:85
149                android:name="com.google.firebase.components:com.google.firebase.ktx.FirebaseCommonLegacyRegistrar"
149-->[com.google.firebase:firebase-common-ktx:20.4.2] AndroidManifest.xml:13:17-116
150                android:value="com.google.firebase.components.ComponentRegistrar" />
150-->[com.google.firebase:firebase-common-ktx:20.4.2] AndroidManifest.xml:14:17-82
151            <meta-data
151-->[com.google.firebase:firebase-common:20.4.2] AndroidManifest.xml:35:13-37:85
152                android:name="com.google.firebase.components:com.google.firebase.FirebaseCommonKtxRegistrar"
152-->[com.google.firebase:firebase-common:20.4.2] AndroidManifest.xml:36:17-109
153                android:value="com.google.firebase.components.ComponentRegistrar" />
153-->[com.google.firebase:firebase-common:20.4.2] AndroidManifest.xml:37:17-82
154            <meta-data
154-->[com.google.firebase:firebase-datatransport:18.1.7] AndroidManifest.xml:27:13-29:85
155                android:name="com.google.firebase.components:com.google.firebase.datatransport.TransportRegistrar"
155-->[com.google.firebase:firebase-datatransport:18.1.7] AndroidManifest.xml:28:17-115
156                android:value="com.google.firebase.components.ComponentRegistrar" />
156-->[com.google.firebase:firebase-datatransport:18.1.7] AndroidManifest.xml:29:17-82
157        </service>
158        <service
158-->[:firebase_messaging] AndroidManifest.xml:14:9-17:72
159            android:name="io.flutter.plugins.firebase.messaging.FlutterFirebaseMessagingBackgroundService"
159-->[:firebase_messaging] AndroidManifest.xml:15:13-107
160            android:exported="false"
160-->[:firebase_messaging] AndroidManifest.xml:16:13-37
161            android:permission="android.permission.BIND_JOB_SERVICE" />
161-->[:firebase_messaging] AndroidManifest.xml:17:13-69
162        <service
162-->[:firebase_messaging] AndroidManifest.xml:18:9-24:19
163            android:name="io.flutter.plugins.firebase.messaging.FlutterFirebaseMessagingService"
163-->[:firebase_messaging] AndroidManifest.xml:19:13-97
164            android:exported="false" >
164-->[:firebase_messaging] AndroidManifest.xml:20:13-37
165            <intent-filter>
165-->[:firebase_messaging] AndroidManifest.xml:21:13-23:29
166                <action android:name="com.google.firebase.MESSAGING_EVENT" />
166-->[:firebase_messaging] AndroidManifest.xml:22:17-78
166-->[:firebase_messaging] AndroidManifest.xml:22:25-75
167            </intent-filter>
168        </service>
169
170        <receiver
170-->[:firebase_messaging] AndroidManifest.xml:26:9-33:20
171            android:name="io.flutter.plugins.firebase.messaging.FlutterFirebaseMessagingReceiver"
171-->[:firebase_messaging] AndroidManifest.xml:27:13-98
172            android:exported="true"
172-->[:firebase_messaging] AndroidManifest.xml:28:13-36
173            android:permission="com.google.android.c2dm.permission.SEND" >
173-->[:firebase_messaging] AndroidManifest.xml:29:13-73
174            <intent-filter>
174-->[:firebase_messaging] AndroidManifest.xml:30:13-32:29
175                <action android:name="com.google.android.c2dm.intent.RECEIVE" />
175-->[:firebase_messaging] AndroidManifest.xml:31:17-81
175-->[:firebase_messaging] AndroidManifest.xml:31:25-78
176            </intent-filter>
177        </receiver>
178
179        <provider
179-->[:firebase_messaging] AndroidManifest.xml:41:9-45:38
180            android:name="io.flutter.plugins.firebase.messaging.FlutterFirebaseMessagingInitProvider"
180-->[:firebase_messaging] AndroidManifest.xml:42:13-102
181            android:authorities="com.hanholding.is_takip_sistemi.flutterfirebasemessaginginitprovider"
181-->[:firebase_messaging] AndroidManifest.xml:43:13-88
182            android:exported="false"
182-->[:firebase_messaging] AndroidManifest.xml:44:13-37
183            android:initOrder="99" />
183-->[:firebase_messaging] AndroidManifest.xml:45:13-35
184        <provider
184-->[:image_picker_android] AndroidManifest.xml:8:9-16:20
185            android:name="io.flutter.plugins.imagepicker.ImagePickerFileProvider"
185-->[:image_picker_android] AndroidManifest.xml:9:13-82
186            android:authorities="com.hanholding.is_takip_sistemi.flutter.image_provider"
186-->[:image_picker_android] AndroidManifest.xml:10:13-74
187            android:exported="false"
187-->[:image_picker_android] AndroidManifest.xml:11:13-37
188            android:grantUriPermissions="true" >
188-->[:image_picker_android] AndroidManifest.xml:12:13-47
189            <meta-data
189-->[:image_picker_android] AndroidManifest.xml:13:13-15:75
190                android:name="android.support.FILE_PROVIDER_PATHS"
190-->[:image_picker_android] AndroidManifest.xml:14:17-67
191                android:resource="@xml/flutter_image_picker_file_paths" />
191-->[:image_picker_android] AndroidManifest.xml:15:17-72
192        </provider>
193
194        <activity
194-->[:url_launcher_android] AndroidManifest.xml:8:9-11:74
195            android:name="io.flutter.plugins.urllauncher.WebViewActivity"
195-->[:url_launcher_android] AndroidManifest.xml:9:13-74
196            android:exported="false"
196-->[:url_launcher_android] AndroidManifest.xml:10:13-37
197            android:theme="@android:style/Theme.NoTitleBar.Fullscreen" />
197-->[:url_launcher_android] AndroidManifest.xml:11:13-71
198        <!--
199           Declares a provider which allows us to store files to share in
200           '.../caches/share_plus' and grant the receiving action access
201        -->
202        <provider
202-->[:share_plus] AndroidManifest.xml:13:9-21:20
203            android:name="dev.fluttercommunity.plus.share.ShareFileProvider"
203-->[:share_plus] AndroidManifest.xml:14:13-77
204            android:authorities="com.hanholding.is_takip_sistemi.flutter.share_provider"
204-->[:share_plus] AndroidManifest.xml:15:13-74
205            android:exported="false"
205-->[:share_plus] AndroidManifest.xml:16:13-37
206            android:grantUriPermissions="true" >
206-->[:share_plus] AndroidManifest.xml:17:13-47
207            <meta-data
207-->[:image_picker_android] AndroidManifest.xml:13:13-15:75
208                android:name="android.support.FILE_PROVIDER_PATHS"
208-->[:image_picker_android] AndroidManifest.xml:14:17-67
209                android:resource="@xml/flutter_share_file_paths" />
209-->[:image_picker_android] AndroidManifest.xml:15:17-72
210        </provider>
211        <!--
212           This manifest declared broadcast receiver allows us to use an explicit
213           Intent when creating a PendingItent to be informed of the user's choice
214        -->
215        <receiver
215-->[:share_plus] AndroidManifest.xml:26:9-32:20
216            android:name="dev.fluttercommunity.plus.share.SharePlusPendingIntent"
216-->[:share_plus] AndroidManifest.xml:27:13-82
217            android:exported="false" >
217-->[:share_plus] AndroidManifest.xml:28:13-37
218            <intent-filter>
218-->[:share_plus] AndroidManifest.xml:29:13-31:29
219                <action android:name="EXTRA_CHOSEN_COMPONENT" />
219-->[:share_plus] AndroidManifest.xml:30:17-65
219-->[:share_plus] AndroidManifest.xml:30:25-62
220            </intent-filter>
221        </receiver>
222        <receiver
222-->[com.google.firebase:firebase-messaging:23.4.1] AndroidManifest.xml:29:9-40:20
223            android:name="com.google.firebase.iid.FirebaseInstanceIdReceiver"
223-->[com.google.firebase:firebase-messaging:23.4.1] AndroidManifest.xml:30:13-78
224            android:exported="true"
224-->[com.google.firebase:firebase-messaging:23.4.1] AndroidManifest.xml:31:13-36
225            android:permission="com.google.android.c2dm.permission.SEND" >
225-->[com.google.firebase:firebase-messaging:23.4.1] AndroidManifest.xml:32:13-73
226            <intent-filter>
226-->[:firebase_messaging] AndroidManifest.xml:30:13-32:29
227                <action android:name="com.google.android.c2dm.intent.RECEIVE" />
227-->[:firebase_messaging] AndroidManifest.xml:31:17-81
227-->[:firebase_messaging] AndroidManifest.xml:31:25-78
228            </intent-filter>
229
230            <meta-data
230-->[com.google.firebase:firebase-messaging:23.4.1] AndroidManifest.xml:37:13-39:40
231                android:name="com.google.android.gms.cloudmessaging.FINISHED_AFTER_HANDLED"
231-->[com.google.firebase:firebase-messaging:23.4.1] AndroidManifest.xml:38:17-92
232                android:value="true" />
232-->[com.google.firebase:firebase-messaging:23.4.1] AndroidManifest.xml:39:17-37
233        </receiver>
234        <!--
235             FirebaseMessagingService performs security checks at runtime,
236             but set to not exported to explicitly avoid allowing another app to call it.
237        -->
238        <service
238-->[com.google.firebase:firebase-messaging:23.4.1] AndroidManifest.xml:46:9-53:19
239            android:name="com.google.firebase.messaging.FirebaseMessagingService"
239-->[com.google.firebase:firebase-messaging:23.4.1] AndroidManifest.xml:47:13-82
240            android:directBootAware="true"
240-->[com.google.firebase:firebase-messaging:23.4.1] AndroidManifest.xml:48:13-43
241            android:exported="false" >
241-->[com.google.firebase:firebase-messaging:23.4.1] AndroidManifest.xml:49:13-37
242            <intent-filter android:priority="-500" >
242-->[:firebase_messaging] AndroidManifest.xml:21:13-23:29
243                <action android:name="com.google.firebase.MESSAGING_EVENT" />
243-->[:firebase_messaging] AndroidManifest.xml:22:17-78
243-->[:firebase_messaging] AndroidManifest.xml:22:25-75
244            </intent-filter>
245        </service>
246
247        <activity
247-->[com.google.firebase:firebase-auth:22.3.1] AndroidManifest.xml:29:9-46:20
248            android:name="com.google.firebase.auth.internal.GenericIdpActivity"
248-->[com.google.firebase:firebase-auth:22.3.1] AndroidManifest.xml:30:13-80
249            android:excludeFromRecents="true"
249-->[com.google.firebase:firebase-auth:22.3.1] AndroidManifest.xml:31:13-46
250            android:exported="true"
250-->[com.google.firebase:firebase-auth:22.3.1] AndroidManifest.xml:32:13-36
251            android:launchMode="singleTask"
251-->[com.google.firebase:firebase-auth:22.3.1] AndroidManifest.xml:33:13-44
252            android:theme="@android:style/Theme.Translucent.NoTitleBar" >
252-->[com.google.firebase:firebase-auth:22.3.1] AndroidManifest.xml:34:13-72
253            <intent-filter>
253-->[com.google.firebase:firebase-auth:22.3.1] AndroidManifest.xml:35:13-45:29
254                <action android:name="android.intent.action.VIEW" />
254-->[com.google.firebase:firebase-auth:22.3.1] AndroidManifest.xml:36:17-69
254-->[com.google.firebase:firebase-auth:22.3.1] AndroidManifest.xml:36:25-66
255
256                <category android:name="android.intent.category.DEFAULT" />
256-->[com.google.firebase:firebase-auth:22.3.1] AndroidManifest.xml:38:17-76
256-->[com.google.firebase:firebase-auth:22.3.1] AndroidManifest.xml:38:27-73
257                <category android:name="android.intent.category.BROWSABLE" />
257-->[com.google.firebase:firebase-auth:22.3.1] AndroidManifest.xml:39:17-78
257-->[com.google.firebase:firebase-auth:22.3.1] AndroidManifest.xml:39:27-75
258
259                <data
259-->src\main\AndroidManifest.xml:45:13-50
260                    android:host="firebase.auth"
261                    android:path="/"
262                    android:scheme="genericidp" />
263            </intent-filter>
264        </activity>
265        <activity
265-->[com.google.firebase:firebase-auth:22.3.1] AndroidManifest.xml:47:9-64:20
266            android:name="com.google.firebase.auth.internal.RecaptchaActivity"
266-->[com.google.firebase:firebase-auth:22.3.1] AndroidManifest.xml:48:13-79
267            android:excludeFromRecents="true"
267-->[com.google.firebase:firebase-auth:22.3.1] AndroidManifest.xml:49:13-46
268            android:exported="true"
268-->[com.google.firebase:firebase-auth:22.3.1] AndroidManifest.xml:50:13-36
269            android:launchMode="singleTask"
269-->[com.google.firebase:firebase-auth:22.3.1] AndroidManifest.xml:51:13-44
270            android:theme="@android:style/Theme.Translucent.NoTitleBar" >
270-->[com.google.firebase:firebase-auth:22.3.1] AndroidManifest.xml:52:13-72
271            <intent-filter>
271-->[com.google.firebase:firebase-auth:22.3.1] AndroidManifest.xml:53:13-63:29
272                <action android:name="android.intent.action.VIEW" />
272-->[com.google.firebase:firebase-auth:22.3.1] AndroidManifest.xml:36:17-69
272-->[com.google.firebase:firebase-auth:22.3.1] AndroidManifest.xml:36:25-66
273
274                <category android:name="android.intent.category.DEFAULT" />
274-->[com.google.firebase:firebase-auth:22.3.1] AndroidManifest.xml:38:17-76
274-->[com.google.firebase:firebase-auth:22.3.1] AndroidManifest.xml:38:27-73
275                <category android:name="android.intent.category.BROWSABLE" />
275-->[com.google.firebase:firebase-auth:22.3.1] AndroidManifest.xml:39:17-78
275-->[com.google.firebase:firebase-auth:22.3.1] AndroidManifest.xml:39:27-75
276
277                <data
277-->src\main\AndroidManifest.xml:45:13-50
278                    android:host="firebase.auth"
279                    android:path="/"
280                    android:scheme="recaptcha" />
281            </intent-filter>
282        </activity>
283
284        <property
284-->[com.google.android.gms:play-services-measurement-api:21.5.1] AndroidManifest.xml:30:9-32:61
285            android:name="android.adservices.AD_SERVICES_CONFIG"
285-->[com.google.android.gms:play-services-measurement-api:21.5.1] AndroidManifest.xml:31:13-65
286            android:resource="@xml/ga_ad_services_config" />
286-->[com.google.android.gms:play-services-measurement-api:21.5.1] AndroidManifest.xml:32:13-58
287
288        <provider